\BOOKMARK [0][]{tongjichapter.1.0}{\376\377\116\055\145\207\144\130\211\201}{}% 1
\BOOKMARK [0][]{tongjichapter.2.0}{\376\377\000\101\000\102\000\123\000\124\000\122\000\101\000\103\000\124}{}% 2
\BOOKMARK [0][]{tongjichapter.3.0}{\376\377\166\356\137\125}{}% 3
\BOOKMARK [0][]{chapter.1}{\376\377\000\040\000\061\000\040\000\040\176\352\213\272}{}% 4
\BOOKMARK [1][-]{section.1.1}{\376\377\000\061\000\056\000\061\000\040\116\244\220\032\135\345\172\013\116\016\116\244\220\032\143\247\122\066\151\202\217\360}{chapter.1}% 5
\BOOKMARK [1][-]{section.1.2}{\376\377\000\061\000\056\000\062\000\040\133\127\117\123\124\175\116\344}{chapter.1}% 6
\BOOKMARK [1][-]{section.1.3}{\376\377\000\061\000\056\000\063\000\040\210\150\150\074\150\067\147\054}{chapter.1}% 7
\BOOKMARK [2][-]{subsection.1.3.1}{\376\377\000\061\000\056\000\063\000\056\000\061\000\040\127\372\147\054\210\150\150\074}{section.1.3}% 8
\BOOKMARK [2][-]{subsection.1.3.2}{\376\377\000\061\000\056\000\063\000\056\000\062\000\040\131\015\147\102\210\150\150\074}{section.1.3}% 9
\BOOKMARK [2][-]{subsection.1.3.3}{\376\377\000\061\000\056\000\063\000\056\000\063\000\040\121\166\133\203}{section.1.3}% 10
\BOOKMARK [1][-]{section.1.4}{\376\377\000\061\000\056\000\064\000\040\133\232\164\006\163\257\130\203}{chapter.1}% 11
\BOOKMARK [1][-]{section.1.5}{\376\377\000\061\000\056\000\065\000\040\123\302\200\003\145\207\163\056}{chapter.1}% 12
\BOOKMARK [1][-]{section.1.6}{\376\377\000\061\000\056\000\066\000\040\121\154\137\017}{chapter.1}% 13
\BOOKMARK [1][-]{section.1.7}{\376\377\000\061\000\056\000\067\000\040\170\064\142\230\123\367}{chapter.1}% 14
\BOOKMARK [0][]{chapter.2}{\376\377\000\040\000\062\000\040\000\040\116\055\123\116\116\272\154\021\121\161\124\214\126\375}{}% 15
\BOOKMARK [1][-]{section.2.1}{\376\377\000\062\000\056\000\061\000\040\121\166\133\203\117\213\133\120}{chapter.2}% 16
\BOOKMARK [2][-]{subsection.2.1.1}{\376\377\000\062\000\056\000\061\000\056\000\061\000\040\176\330\126\376}{section.2.1}% 17
\BOOKMARK [2][-]{subsection.2.1.2}{\376\377\000\062\000\056\000\061\000\056\000\062\000\040\143\322\126\376}{section.2.1}% 18
\BOOKMARK [0][]{chapter.3}{\376\377\000\040\000\063\000\040\000\040\147\054\171\321\152\041\147\177\155\113\213\325}{}% 19
\BOOKMARK [1][-]{section.3.1}{\376\377\000\063\000\056\000\061\000\040\173\054\116\000\133\143}{chapter.3}% 20
\BOOKMARK [1][-]{section.3.2}{\376\377\000\063\000\056\000\062\000\040\173\054\116\214\133\143}{chapter.3}% 21
\BOOKMARK [1][-]{section.3.3}{\376\377\000\063\000\056\000\063\000\040\173\054\116\011\133\143}{chapter.3}% 22
\BOOKMARK [0][]{chapter.4}{\376\377\000\040\000\064\000\040\000\040\121\215\147\054\171\321\152\041\147\177\155\113\213\325}{}% 23
\BOOKMARK [1][-]{section.4.1}{\376\377\000\064\000\056\000\061\000\040\173\054\116\000\133\143}{chapter.4}% 24
\BOOKMARK [1][-]{section.4.2}{\376\377\000\064\000\056\000\062\000\040\173\054\116\214\133\143}{chapter.4}% 25
\BOOKMARK [1][-]{section.4.3}{\376\377\000\064\000\056\000\063\000\040\173\054\116\011\133\143}{chapter.4}% 26
\BOOKMARK [0][]{chapter.5}{\376\377\000\040\000\065\000\040\000\040\121\215\121\215\147\054\171\321\152\041\147\177\155\113\213\325}{}% 27
\BOOKMARK [1][-]{section.5.1}{\376\377\000\065\000\056\000\061\000\040\173\054\116\000\133\143}{chapter.5}% 28
\BOOKMARK [1][-]{section.5.2}{\376\377\000\065\000\056\000\062\000\040\173\054\116\214\133\143}{chapter.5}% 29
\BOOKMARK [1][-]{section.5.3}{\376\377\000\065\000\056\000\063\000\040\173\054\116\011\133\143}{chapter.5}% 30
\BOOKMARK [0][]{section*.21}{\376\377\123\302\200\003\145\207\163\056}{}% 31
\BOOKMARK [0][]{section*.23}{\376\377\214\042\000\040\217\236}{}% 32
\BOOKMARK [0][]{chapter.6}{\376\377\000\040\000\066\000\040\000\040\131\026\145\207\215\104\145\231\123\237\145\207}{}% 33
\BOOKMARK [1][-]{section.6.1}{\376\377\000\066\000\056\000\061\000\040\000\123\000\151\000\156\000\147\000\154\000\145\000\055\000\117\000\142\000\152\000\145\000\143\000\164\000\151\000\166\000\145\000\040\000\120\000\162\000\157\000\147\000\162\000\141\000\155\000\155\000\151\000\156\000\147}{chapter.6}% 34
\BOOKMARK [2][-]{subsection.6.1.1}{\376\377\000\066\000\056\000\061\000\056\000\061\000\040\000\114\000\151\000\156\000\145\000\141\000\162\000\040\000\120\000\162\000\157\000\147\000\162\000\141\000\155\000\155\000\151\000\156\000\147}{section.6.1}% 35
\BOOKMARK [2][-]{subsection.6.1.2}{\376\377\000\066\000\056\000\061\000\056\000\062\000\040\000\116\000\157\000\156\000\154\000\151\000\156\000\145\000\141\000\162\000\040\000\120\000\162\000\157\000\147\000\162\000\141\000\155\000\155\000\151\000\156\000\147}{section.6.1}% 36
\BOOKMARK [2][-]{subsection.6.1.3}{\376\377\000\066\000\056\000\061\000\056\000\063\000\040\000\111\000\156\000\164\000\145\000\147\000\145\000\162\000\040\000\120\000\162\000\157\000\147\000\162\000\141\000\155\000\155\000\151\000\156\000\147}{section.6.1}% 37
\BOOKMARK [0][]{chapter.7}{\376\377\000\040\000\067\000\040\000\040\131\026\145\207\215\104\145\231\166\204\214\003\170\024\226\005\213\373\142\245\124\112\142\026\116\146\227\142\177\373\213\321}{}% 38
\BOOKMARK [1][-]{section.7.1}{\376\377\000\067\000\056\000\061\000\040\123\125\166\356\150\007\211\304\122\022}{chapter.7}% 39
\BOOKMARK [2][-]{subsection.7.1.1}{\376\377\000\067\000\056\000\061\000\056\000\061\000\040\176\277\140\047\211\304\122\022}{section.7.1}% 40
\BOOKMARK [2][-]{subsection.7.1.2}{\376\377\000\067\000\056\000\061\000\056\000\062\000\040\227\136\176\277\140\047\211\304\122\022}{section.7.1}% 41
\BOOKMARK [2][-]{subsection.7.1.3}{\376\377\000\067\000\056\000\061\000\056\000\063\000\040\145\164\145\160\211\304\122\022}{section.7.1}% 42
\BOOKMARK [0][]{chapter.8}{\376\377\000\040\000\070\000\040\000\040\121\166\133\203\226\104\137\125}{}% 43
